<?xml version="1.0" encoding="utf-8"?><testsuites name="pytest tests"><testsuite name="pytest" errors="0" failures="0" skipped="0" tests="10" time="1.461" timestamp="2026-07-30T12:34:00.524004+00:00" hostname="agent-env-ffacf826-081f-450d-849f-997b783ca824"><testcase classname="tests.backend_test.TestLeads" name="test_create_lead_and_verify_persistence" time="0.400" /><testcase classname="tests.backend_test.TestHealth" name="test_root" time="0.327" /><testcase classname="tests.backend_test.TestHealth" name="test_health" time="0.062" /><testcase classname="tests.backend_test.TestLeads" name="test_default_source" time="0.066" /><testcase classname="tests.backend_test.TestLeads" name="test_invalid_payloads[payload0-empty body]" time="0.068" /><testcase classname="tests.backend_test.TestLeads" name="test_invalid_payloads[payload1-missing name]" time="0.075" /><testcase classname="tests.backend_test.TestLeads" name="test_invalid_payloads[payload2-bad email]" time="0.085" /><testcase classname="tests.backend_test.TestLeads" name="test_invalid_payloads[payload3-short mobile]" time="0.082" /><testcase classname="tests.backend_test.TestLeads" name="test_invalid_payloads[payload4-1-char name]" time="0.071" /><testcase classname="tests.backend_test.TestLeads" name="test_list_leads_limit" time="0.062" /></testsuite></testsuites>